<?xml version="1.0" encoding="UTF-8"?>
<!-- Generated by org.testng.reporters.JUnitXMLReporter -->
<testsuite hostname="PIYUSH-PC" name="signup" tests="4" failures="0" timestamp="10 Mar 2013 10:05:37 GMT" time="90.64" errors="0">
  <testcase name="ValidateSignUpForm" time="2.858" classname="testCaseForNdt.TC_signup"/>
  <testcase name="test_radiographicweldreport" time="9.897" classname="testCaseForNdt.TC_createtemplate"/>
  <testcase name="test_radiographicweldreport" time="17.59" classname="testCaseForNdt.TC_radiographicweldreport"/>
  <testcase name="test_editradiographicweldreport" time="32.126" classname="testCaseForNdt.TC_edit_radiographicweldreport"/>
</testsuite> <!-- signup -->
